<?xml version="1.0" encoding="UTF-8"?>
<testsuite xmlns:xsi="http://www.w3.org/2001/XMLSchema-instance" xsi:noNamespaceSchemaLocation="https://maven.apache.org/surefire/maven-surefire-plugin/xsd/surefire-test-report-3.0.xsd" version="3.0" name="TestSuite" time="30.227" tests="2" errors="0" skipped="0" failures="0">
  <properties>
[...]
</properties>
  <testcase name="runScenario[&quot;user should launch Ciklum website url&quot;, &quot;Optional[user should launch ciklum webstie and then click Aboutus]&quot;](1)" classname="com.demo.runner.TestRunner" time="22.029">
    <system-out><![CDATA[[TestNGContentHandler] [WARN] It is strongly recommended to add "<!DOCTYPE suite SYSTEM "http://testng.org/testng-1.0.dtd" >" at the top of your file, otherwise TestNG may fail or not work as expected.

Scenario: user should launch Ciklum website url         # src/main/java/com/demo/feature/ciklumAboutus.feature:2
  Given user open the browser and launch ciklum website # com.demo.stepdef.AboutusStep.user_open_the_browser_and_launch_ciklum_website()
 sucessfully entered in message function
  When user on Main menu                                # com.demo.stepdef.AboutusStep.user_on_main_menu()
About us link clicked sucessfully
  Then user should click on Aboutus link                # com.demo.stepdef.AboutusStep.user_should_click_on_aboutus_link()
]]></system-out>
    <system-err><![CDATA[SLF4J: Failed to load class "org.slf4j.impl.StaticLoggerBinder".
SLF4J: Defaulting to no-operation (NOP) logger implementation
SLF4J: See http://www.slf4j.org/codes.html#StaticLoggerBinder for further details.
Starting ChromeDriver 105.0.5195.52 (412c95e518836d8a7d97250d62b29c2ae6a26a85-refs/branch-heads/5195@{#853}) on port 54234
Only local connections are allowed.
Please see https://chromedriver.chromium.org/security-considerations for suggestions on keeping ChromeDriver safe.
ChromeDriver was started successfully.
Sep 03, 2022 1:04:33 AM org.openqa.selenium.remote.ProtocolHandshake createSession
INFO: Detected dialect: W3C
Sep 03, 2022 1:04:33 AM org.openqa.selenium.devtools.CdpVersionFinder findNearestMatch
WARNING: Unable to find an exact match for CDP version 105, so returning the closest version found: a no-op implementation
Sep 03, 2022 1:04:33 AM org.openqa.selenium.devtools.CdpVersionFinder findNearestMatch
INFO: Unable to find CDP implementation matching 105.
Sep 03, 2022 1:04:33 AM org.openqa.selenium.chromium.ChromiumDriver lambda$new$3
WARNING: Unable to find version of CDP to use for . You may need to include a dependency on a specific version of the CDP using something similar to `org.seleniumhq.selenium:selenium-devtools-v86:4.0.0` where the version ("v86") matches the version of the chromium-based browser you're using and the version number of the artifact is the same as Selenium's.
]]></system-err>
  </testcase>
  <testcase name="runScenario[&quot;user has to to click Wahtwedolink in Ciklum website&quot;, &quot;Optional[user has to do launch ciklum website and click whatwedolink]&quot;](2)" classname="com.demo.runner.TestRunner" time="6.555">
    <system-out><![CDATA[
Scenario: user has to to click Wahtwedolink in Ciklum website # src/main/java/com/demo/feature/ciklumwhatwedo.feature:2
  Given user open the browser                                 # com.demo.stepdef.WhatwedolinkStep.user_open_the_browser()
  When user click on main menu ciklum website                 # com.demo.stepdef.WhatwedolinkStep.user_click_on_main_menu_ciklum_website()
  Then Whatwedo link should be clicked                        # com.demo.stepdef.WhatwedolinkStep.whatwedo_link_should_be_clicked()
  Then productengineering link should be Clicked              # com.demo.stepdef.WhatwedolinkStep.productengineering_link_should_be_clicked()
]]></system-out>
    <system-err><![CDATA[Starting ChromeDriver 105.0.5195.52 (412c95e518836d8a7d97250d62b29c2ae6a26a85-refs/branch-heads/5195@{#853}) on port 58575
Only local connections are allowed.
Please see https://chromedriver.chromium.org/security-considerations for suggestions on keeping ChromeDriver safe.
ChromeDriver was started successfully.
Sep 03, 2022 1:04:53 AM org.openqa.selenium.remote.ProtocolHandshake createSession
INFO: Detected dialect: W3C
Sep 03, 2022 1:04:53 AM org.openqa.selenium.devtools.CdpVersionFinder findNearestMatch
WARNING: Unable to find an exact match for CDP version 105, so returning the closest version found: a no-op implementation
Sep 03, 2022 1:04:53 AM org.openqa.selenium.devtools.CdpVersionFinder findNearestMatch
INFO: Unable to find CDP implementation matching 105.
Sep 03, 2022 1:04:53 AM org.openqa.selenium.chromium.ChromiumDriver lambda$new$3
WARNING: Unable to find version of CDP to use for . You may need to include a dependency on a specific version of the CDP using something similar to `org.seleniumhq.selenium:selenium-devtools-v86:4.0.0` where the version ("v86") matches the version of the chromium-based browser you're using and the version number of the artifact is the same as Selenium's.
]]></system-err>
  </testcase>
</testsuite>