<?xml version="1.0" encoding="UTF-8"?>
<testng-results skipped="0" failed="0" ignored="0" total="2" passed="2">
  <reporter-output>
  </reporter-output>
  <suite name="Default suite" duration-ms="47659" started-at="2022-09-02T12:16:46Z" finished-at="2022-09-02T12:17:34Z">
    <groups>
      <group name="cucumber">
        <method signature="AbstractTestNGCucumberTests.runScenario(io.cucumber.testng.PickleWrapper, io.cucumber.testng.FeatureWrapper)[pri:0, instance:com.demo.runner.TestRunner@5db250b4]" name="runScenario" class="io.cucumber.testng.AbstractTestNGCucumberTests"/>
      </group> <!-- cucumber -->
    </groups>
    <test name="Default test" duration-ms="47659" started-at="2022-09-02T12:16:46Z" finished-at="2022-09-02T12:17:34Z">
      <class name="com.demo.runner.TestRunner">
        <test-method status="PASS" signature="setUpClass()[pri:0, instance:com.demo.runner.TestRunner@5db250b4]" name="setUpClass" is-config="true" duration-ms="807" started-at="2022-09-02T12:16:46Z" finished-at="2022-09-02T12:16:47Z">
          <reporter-output>
          </reporter-output>
        </test-method> <!-- setUpClass -->
        <test-method status="PASS" signature="runScenario(io.cucumber.testng.PickleWrapper, io.cucumber.testng.FeatureWrapper)[pri:0, instance:com.demo.runner.TestRunner@5db250b4]" name="runScenario" duration-ms="34225" started-at="2022-09-02T12:16:47Z" description="Runs Cucumber Scenarios" data-provider="scenarios" finished-at="2022-09-02T12:17:21Z">
          <params>
            <param index="0">
              <value>
                <![CDATA["user should launch Ciklum website url"]]>
              </value>
            </param>
            <param index="1">
              <value>
                <![CDATA["Optional[user should launch ciklum webstie and then click Aboutus]"]]>
              </value>
            </param>
          </params>
          <reporter-output>
          </reporter-output>
        </test-method> <!-- runScenario -->
        <test-method status="PASS" signature="runScenario(io.cucumber.testng.PickleWrapper, io.cucumber.testng.FeatureWrapper)[pri:0, instance:com.demo.runner.TestRunner@5db250b4]" name="runScenario" duration-ms="10096" started-at="2022-09-02T12:17:21Z" description="Runs Cucumber Scenarios" data-provider="scenarios" finished-at="2022-09-02T12:17:31Z">
          <params>
            <param index="0">
              <value>
                <![CDATA["user has to to click Wahtwedolink in Ciklum website"]]>
              </value>
            </param>
            <param index="1">
              <value>
                <![CDATA["Optional[user has to do launch ciklum website and click whatwedolink]"]]>
              </value>
            </param>
          </params>
          <reporter-output>
          </reporter-output>
        </test-method> <!-- runScenario -->
        <test-method status="PASS" signature="tearDownClass()[pri:0, instance:com.demo.runner.TestRunner@5db250b4]" name="tearDownClass" is-config="true" duration-ms="2492" started-at="2022-09-02T12:17:31Z" finished-at="2022-09-02T12:17:34Z">
          <reporter-output>
          </reporter-output>
        </test-method> <!-- tearDownClass -->
      </class> <!-- com.demo.runner.TestRunner -->
    </test> <!-- Default test -->
  </suite> <!-- Default suite -->
</testng-results>
